DEBUG:root:initializing settings
DEBUG:root:initializing settings
DEBUG:root:Writing json
 {
 "style_blurb": "You're talking to future you.",
 "default_root_directories": [
  "sources",
  "media",
  "hardware",
  "firmware",
  "software",
  "mechanical"
 ],
 "default_project_categories": [
  "Flagship",
  "Technique",
  "Learning"
 ],
 "organization_name": "Daniel's",
 "project_rel_archive_dir": "sources",
 "users": [
  "0xDBFB7"
 ]
} to /home/arthurdent/NAS/primary_a/Projects/hargrave/files/hargrave/hargrave_settings.json
DEBUG:root:Write complete.
DEBUG:root:Read json 
{'style_blurb': "You're talking to future you.", 'project_rel_archive_dir': 'sources', 'default_root_directories': ['sources', 'media', 'hardware', 'firmware', 'software', 'mechanical'], 'users': ['0xDBFB7'], 'organization_name': "Daniel's", 'default_project_categories': ['Flagship', 'Technique', 'Learning']}
 from /home/arthurdent/NAS/primary_a/Projects/hargrave/files/hargrave/hargrave_settings.json
DEBUG:root:Read json 
{'organization_name': "Daniel's", 'project_rel_archive_dir': 'sources', 'default_project_categories': ['Flagship', 'Technique', 'Learning'], 'default_root_directories': ['sources', 'media', 'hardware', 'firmware', 'software', 'mechanical'], 'style_blurb': "You're talking to future you.", 'users': ['0xDBFB7']}
 from /home/arthurdent/NAS/primary_a/Projects/hargrave/files/hargrave/hargrave_settings.json
DEBUG:root:Read json 
{'organization_name': "Daniel's", 'project_rel_archive_dir': 'sources', 'default_project_categories': ['Flagship', 'Technique', 'Learning'], 'default_root_directories': ['sources', 'media', 'hardware', 'firmware', 'software', 'mechanical'], 'style_blurb': "You're talking to future you.", 'users': ['0xDBFB7']}
 from /home/arthurdent/NAS/primary_a/Projects/hargrave/files/hargrave/hargrave_settings.json
DEBUG:root:Read json 
{'style_blurb': "You're talking to future you.", 'users': ['0xDBFB7'], 'organization_name': "Daniel's", 'project_rel_archive_dir': 'sources', 'default_project_categories': ['Flagship', 'Technique', 'Learning'], 'default_root_directories': ['sources', 'media', 'hardware', 'firmware', 'software', 'mechanical']}
 from /home/arthurdent/NAS/primary_a/Projects/hargrave/files/hargrave/hargrave_settings.json
DEBUG:root:Read json 
{'style_blurb': "You're talking to future you.", 'users': ['0xDBFB7'], 'organization_name': "Daniel's", 'project_rel_archive_dir': 'sources', 'default_project_categories': ['Flagship', 'Technique', 'Learning'], 'default_root_directories': ['sources', 'media', 'hardware', 'firmware', 'software', 'mechanical']}
 from /home/arthurdent/NAS/primary_a/Projects/hargrave/files/hargrave/hargrave_settings.json
DEBUG:root:Writing json
 {
 "style_blurb": "You're talking to future you.",
 "users": [
  "0xDBFB7"
 ],
 "organization_name": "Daniel's",
 "project_rel_archive_dir": "sources",
 "default_project_categories": [
  "Flagship",
  "Technique",
  "Learning"
 ],
 "default_root_directories": [
  "sources",
  "media",
  "hardware",
  "firmware",
  "software",
  "mechanical"
 ],
 "a": 5
} to /home/arthurdent/NAS/primary_a/Projects/hargrave/files/hargrave/hargrave_settings.json
DEBUG:root:Write complete.
DEBUG:root:Read json 
{'style_blurb': "You're talking to future you.", 'users': ['0xDBFB7'], 'organization_name': "Daniel's", 'project_rel_archive_dir': 'sources', 'default_project_categories': ['Flagship', 'Technique', 'Learning'], 'default_root_directories': ['sources', 'media', 'hardware', 'firmware', 'software', 'mechanical'], 'a': 5}
 from /home/arthurdent/NAS/primary_a/Projects/hargrave/files/hargrave/hargrave_settings.json
DEBUG:root:Read json 
{'users': ['0xDBFB7'], 'default_root_directories': ['sources', 'media', 'hardware', 'firmware', 'software', 'mechanical'], 'default_project_categories': ['Flagship', 'Technique', 'Learning'], 'project_rel_archive_dir': 'sources', 'organization_name': "Daniel's", 'a': 5, 'style_blurb': "You're talking to future you."}
 from /home/arthurdent/NAS/primary_a/Projects/hargrave/files/hargrave/hargrave_settings.json
DEBUG:root:Read json 
{'users': ['0xDBFB7'], 'default_root_directories': ['sources', 'media', 'hardware', 'firmware', 'software', 'mechanical'], 'default_project_categories': ['Flagship', 'Technique', 'Learning'], 'project_rel_archive_dir': 'sources', 'organization_name': "Daniel's", 'a': 5, 'style_blurb': "You're talking to future you."}
 from /home/arthurdent/NAS/primary_a/Projects/hargrave/files/hargrave/hargrave_settings.json
DEBUG:root:Writing json
 {
 "users": [
  "0xDBFB7"
 ],
 "default_root_directories": [
  "sources",
  "media",
  "hardware",
  "firmware",
  "software",
  "mechanical"
 ],
 "default_project_categories": [
  "Flagship",
  "Technique",
  "Learning"
 ],
 "project_rel_archive_dir": "sources",
 "organization_name": "Daniel's",
 "a": 5,
 "style_blurb": "You're talking to future you."
} to /home/arthurdent/NAS/primary_a/Projects/hargrave/files/hargrave/hargrave_settings.json
DEBUG:root:Write complete.
DEBUG:root:Read json 
{'users': ['0xDBFB7'], 'project_rel_archive_dir': 'sources', 'default_project_categories': ['Flagship', 'Technique', 'Learning'], 'default_root_directories': ['sources', 'media', 'hardware', 'firmware', 'software', 'mechanical'], 'organization_name': "Daniel's", 'a': 5, 'style_blurb': "You're talking to future you."}
 from /home/arthurdent/NAS/primary_a/Projects/hargrave/files/hargrave/hargrave_settings.json
DEBUG:root:Read json 
{'project_rel_archive_dir': 'sources', 'users': ['0xDBFB7'], 'default_project_categories': ['Flagship', 'Technique', 'Learning'], 'organization_name': "Daniel's", 'default_root_directories': ['sources', 'media', 'hardware', 'firmware', 'software', 'mechanical'], 'style_blurb': "You're talking to future you.", 'a': 5}
 from /home/arthurdent/NAS/primary_a/Projects/hargrave/files/hargrave/hargrave_settings.json
DEBUG:root:Read json 
{'project_rel_archive_dir': 'sources', 'users': ['0xDBFB7'], 'default_project_categories': ['Flagship', 'Technique', 'Learning'], 'organization_name': "Daniel's", 'default_root_directories': ['sources', 'media', 'hardware', 'firmware', 'software', 'mechanical'], 'style_blurb': "You're talking to future you.", 'a': 5}
 from /home/arthurdent/NAS/primary_a/Projects/hargrave/files/hargrave/hargrave_settings.json
DEBUG:root:Writing json
 {
 "project_rel_archive_dir": "sources",
 "users": [
  "0xDBFB7"
 ],
 "default_project_categories": [
  "Flagship",
  "Technique",
  "Learning"
 ],
 "organization_name": "Daniel's",
 "default_root_directories": [
  "sources",
  "media",
  "hardware",
  "firmware",
  "software",
  "mechanical"
 ],
 "style_blurb": "You're talking to future you.",
 "a": 5
} to /home/arthurdent/NAS/primary_a/Projects/hargrave/files/hargrave/hargrave_settings.json
DEBUG:root:Write complete.
DEBUG:root:Read json 
{'project_rel_archive_dir': 'sources', 'users': ['0xDBFB7'], 'default_project_categories': ['Flagship', 'Technique', 'Learning'], 'default_root_directories': ['sources', 'media', 'hardware', 'firmware', 'software', 'mechanical'], 'organization_name': "Daniel's", 'style_blurb': "You're talking to future you.", 'a': 5}
 from /home/arthurdent/NAS/primary_a/Projects/hargrave/files/hargrave/hargrave_settings.json
DEBUG:root:Read json 
{'organization_name': "Daniel's", 'a': 5, 'project_rel_archive_dir': 'sources', 'users': ['0xDBFB7'], 'default_project_categories': ['Flagship', 'Technique', 'Learning'], 'default_root_directories': ['sources', 'media', 'hardware', 'firmware', 'software', 'mechanical'], 'style_blurb': "You're talking to future you."}
 from /home/arthurdent/NAS/primary_a/Projects/hargrave/files/hargrave/hargrave_settings.json
DEBUG:root:Read json 
{'organization_name': "Daniel's", 'a': 5, 'project_rel_archive_dir': 'sources', 'users': ['0xDBFB7'], 'default_project_categories': ['Flagship', 'Technique', 'Learning'], 'default_root_directories': ['sources', 'media', 'hardware', 'firmware', 'software', 'mechanical'], 'style_blurb': "You're talking to future you."}
 from /home/arthurdent/NAS/primary_a/Projects/hargrave/files/hargrave/hargrave_settings.json
DEBUG:root:Writing json
 {
 "organization_name": "Daniel's",
 "a": 5,
 "project_rel_archive_dir": "sources",
 "users": [
  "0xDBFB7"
 ],
 "default_project_categories": [
  "Flagship",
  "Technique",
  "Learning"
 ],
 "default_root_directories": [
  "sources",
  "media",
  "hardware",
  "firmware",
  "software",
  "mechanical"
 ],
 "style_blurb": "You're talking to future you."
} to /home/arthurdent/NAS/primary_a/Projects/hargrave/files/hargrave/hargrave_settings.json
DEBUG:root:Write complete.
DEBUG:root:Read json 
{'organization_name': "Daniel's", 'project_rel_archive_dir': 'sources', 'users': ['0xDBFB7'], 'default_project_categories': ['Flagship', 'Technique', 'Learning'], 'a': 5, 'default_root_directories': ['sources', 'media', 'hardware', 'firmware', 'software', 'mechanical'], 'style_blurb': "You're talking to future you."}
 from /home/arthurdent/NAS/primary_a/Projects/hargrave/files/hargrave/hargrave_settings.json
INFO:werkzeug: * Running on http://127.0.0.1:5000/ (Press CTRL+C to quit)
INFO:werkzeug: * Running on http://127.0.0.1:5000/ (Press CTRL+C to quit)
INFO:werkzeug:127.0.0.1 - - [25/Oct/2018 22:52:20] "GET / HTTP/1.1" 500 -
INFO:werkzeug:127.0.0.1 - - [25/Oct/2018 22:52:20] "GET /?__debugger__=yes&cmd=resource&f=style.css HTTP/1.1" 200 -
INFO:werkzeug:127.0.0.1 - - [25/Oct/2018 22:52:20] "GET /?__debugger__=yes&cmd=resource&f=debugger.js HTTP/1.1" 200 -
INFO:werkzeug:127.0.0.1 - - [25/Oct/2018 22:52:20] "GET /?__debugger__=yes&cmd=resource&f=jquery.js HTTP/1.1" 200 -
INFO:werkzeug:127.0.0.1 - - [25/Oct/2018 22:52:20] "GET /?__debugger__=yes&cmd=resource&f=ubuntu.ttf HTTP/1.1" 200 -
INFO:werkzeug:127.0.0.1 - - [25/Oct/2018 22:52:20] "GET /?__debugger__=yes&cmd=resource&f=console.png HTTP/1.1" 200 -
INFO:werkzeug:127.0.0.1 - - [25/Oct/2018 22:52:21] "GET /?__debugger__=yes&cmd=resource&f=console.png HTTP/1.1" 200 -
INFO:werkzeug: * Detected change in '/home/arthurdent/NAS/primary_a/Projects/hargrave/files/hargrave/hargrave.py', reloading
INFO:werkzeug: * Restarting with stat
INFO:werkzeug: * Detected change in '/home/arthurdent/NAS/primary_a/Projects/hargrave/files/hargrave/hargrave.py', reloading
INFO:werkzeug: * Restarting with stat
INFO:werkzeug: * Detected change in '/home/arthurdent/NAS/primary_a/Projects/hargrave/files/hargrave/hargrave.py', reloading
INFO:werkzeug: * Restarting with stat
INFO:werkzeug: * Detected change in '/home/arthurdent/NAS/primary_a/Projects/hargrave/files/hargrave/hargrave.py', reloading
INFO:werkzeug: * Restarting with stat
INFO:werkzeug: * Detected change in '/home/arthurdent/NAS/primary_a/Projects/hargrave/files/hargrave/hargrave.py', reloading
INFO:werkzeug: * Restarting with stat
INFO:werkzeug: * Detected change in '/home/arthurdent/NAS/primary_a/Projects/hargrave/files/hargrave/hargrave.py', reloading
INFO:werkzeug: * Restarting with stat
INFO:werkzeug: * Detected change in '/home/arthurdent/NAS/primary_a/Projects/hargrave/files/hargrave/hargrave.py', reloading
INFO:werkzeug: * Restarting with stat
INFO:werkzeug: * Detected change in '/home/arthurdent/NAS/primary_a/Projects/hargrave/files/hargrave/hargrave.py', reloading
INFO:werkzeug: * Restarting with stat
INFO:werkzeug: * Detected change in '/home/arthurdent/NAS/primary_a/Projects/hargrave/files/hargrave/hargrave.py', reloading
INFO:werkzeug: * Restarting with stat
